TN:
SF:lib/const/color.dart
FNF:0
FNH:0
DA:3,3
DA:4,3
DA:5,3
DA:6,3
DA:7,2
DA:8,3
DA:9,3
LF:7
LH:7
end_of_record
TN:
SF:lib/providers/MapProvider.dart
FNF:0
FNH:0
DA:6,2
DA:9,1
DA:10,1
DA:11,1
LF:4
LH:4
end_of_record
TN:
SF:lib/providers/camera/CameraProvider.dart
FNF:0
FNH:0
DA:7,0
DA:10,1
DA:11,1
DA:12,1
DA:18,1
DA:20,1
LF:6
LH:5
end_of_record
TN:
SF:lib/providers/image/ImageProvider.dart
FNF:0
FNH:0
DA:7,2
DA:8,1
DA:9,2
DA:10,1
DA:13,1
DA:14,2
DA:15,1
DA:18,1
DA:19,2
DA:20,1
LF:10
LH:10
end_of_record
TN:
SF:lib/screens/camera/utils.dart
FNF:0
FNH:0
DA:8,1
DA:10,1
DA:12,1
LF:3
LH:3
end_of_record
